<?xml version="1.0" encoding="UTF-8"?>
<!-- Generated by org.testng.reporters.JUnitReportReporter -->
<testsuite skipped="0" hostname="DESKTOP-VUOGCLO" name="test.day1" tests="2" failures="0" timestamp="07 Sep 2019 14:16:28 GMT" time="0.016" errors="0">
  <testcase name="Demo" time="0.016" classname="test.day1"/>
  <testcase name="Secondtest" time="0.000" classname="test.day1"/>
</testsuite> <!-- test.day1 -->
