<?xml version="1.0" encoding="UTF-8"?>
<!-- Generated by org.testng.reporters.JUnitReportReporter -->
<testsuite skipped="0" hostname="DESKTOP-VUOGCLO" name="test.day2" tests="2" failures="0" timestamp="07 Sep 2019 14:16:28 GMT" time="0.015" errors="0">
  <testcase name="Secondtest2" time="0.000" classname="test.day2"/>
  <testcase name="Demo2" time="0.015" classname="test.day2"/>
</testsuite> <!-- test.day2 -->
